<?xml version="1.0" encoding="UTF-8"?>
<testsuite name="Sanity Test"
           tests="3"
           failures="0"
           errors="0"
           skipped="0"
           time="4.067">
  <properties />
  
  
            <testcase name="verifyThatFirstNameLastNameEmailPasswordAndConfirmPasswordFieldsAreMandatory" time="0.816" classname="com.nopcommerce.demo.testsuite.RegisterPageTest" />
                <testcase name="verifyThatUserShouldCreateAccountSuccessfully" time="2.531" classname="com.nopcommerce.demo.testsuite.RegisterPageTest" />
                <testcase name="verifyUserShouldNavigateToRegisterPageSuccessfully" time="0.720" classname="com.nopcommerce.demo.testsuite.RegisterPageTest" />
      
</testsuite>
